  Boggle.cpp
  gboggle.cpp
C:\Users\User\OneDrive\Desktop\Boggle\src\Boggle.cpp(154,41): warning C4244: 'argument': conversion from 'double' to 'int', possible loss of data
C:\Users\User\OneDrive\Desktop\Boggle\src\Boggle.cpp(154,23): warning C4244: 'argument': conversion from 'double' to 'int', possible loss of data
C:\Users\User\OneDrive\Desktop\Boggle\src\Boggle.cpp(155,48): warning C4244: 'argument': conversion from 'double' to 'int', possible loss of data
C:\Users\User\OneDrive\Desktop\Boggle\src\Boggle.cpp(155,30): warning C4244: 'argument': conversion from 'double' to 'int', possible loss of data
C:\Users\User\OneDrive\Desktop\Boggle\src\Boggle.cpp(292,67): warning C4267: 'argument': conversion from 'size_t' to 'int', possible loss of data
C:\Users\User\OneDrive\Desktop\Boggle\src\gboggle.cpp(299,38): warning C4267: 'argument': conversion from 'size_t' to 'int', possible loss of data
  Generating Code...
StanfordCPPLib-vs2022.lib(strlib.obj) : warning LNK4099: PDB '' was not found with 'StanfordCPPLib-vs2022.lib(strlib.obj)' or at ''; linking object as if no debug info
StanfordCPPLib-vs2022.lib(error.obj) : warning LNK4099: PDB '' was not found with 'StanfordCPPLib-vs2022.lib(error.obj)' or at ''; linking object as if no debug info
StanfordCPPLib-vs2022.lib(gwindow.obj) : warning LNK4099: PDB '' was not found with 'StanfordCPPLib-vs2022.lib(gwindow.obj)' or at ''; linking object as if no debug info
StanfordCPPLib-vs2022.lib(platform.obj) : warning LNK4099: PDB '' was not found with 'StanfordCPPLib-vs2022.lib(platform.obj)' or at ''; linking object as if no debug info
StanfordCPPLib-vs2022.lib(lexicon.obj) : warning LNK4099: PDB '' was not found with 'StanfordCPPLib-vs2022.lib(lexicon.obj)' or at ''; linking object as if no debug info
StanfordCPPLib-vs2022.lib(random.obj) : warning LNK4099: PDB '' was not found with 'StanfordCPPLib-vs2022.lib(random.obj)' or at ''; linking object as if no debug info
StanfordCPPLib-vs2022.lib(simpio.obj) : warning LNK4099: PDB '' was not found with 'StanfordCPPLib-vs2022.lib(simpio.obj)' or at ''; linking object as if no debug info
StanfordCPPLib-vs2022.lib(startup.obj) : warning LNK4099: PDB '' was not found with 'StanfordCPPLib-vs2022.lib(startup.obj)' or at ''; linking object as if no debug info
StanfordCPPLib-vs2022.lib(gobjects.obj) : warning LNK4099: PDB '' was not found with 'StanfordCPPLib-vs2022.lib(gobjects.obj)' or at ''; linking object as if no debug info
StanfordCPPLib-vs2022.lib(gtypes.obj) : warning LNK4099: PDB '' was not found with 'StanfordCPPLib-vs2022.lib(gtypes.obj)' or at ''; linking object as if no debug info
StanfordCPPLib-vs2022.lib(gmath.obj) : warning LNK4099: PDB '' was not found with 'StanfordCPPLib-vs2022.lib(gmath.obj)' or at ''; linking object as if no debug info
StanfordCPPLib-vs2022.lib(filelib.obj) : warning LNK4099: PDB '' was not found with 'StanfordCPPLib-vs2022.lib(filelib.obj)' or at ''; linking object as if no debug info
StanfordCPPLib-vs2022.lib(gtimer.obj) : warning LNK4099: PDB '' was not found with 'StanfordCPPLib-vs2022.lib(gtimer.obj)' or at ''; linking object as if no debug info
StanfordCPPLib-vs2022.lib(gevents.obj) : warning LNK4099: PDB '' was not found with 'StanfordCPPLib-vs2022.lib(gevents.obj)' or at ''; linking object as if no debug info
StanfordCPPLib-vs2022.lib(hashmap.obj) : warning LNK4099: PDB '' was not found with 'StanfordCPPLib-vs2022.lib(hashmap.obj)' or at ''; linking object as if no debug info
StanfordCPPLib-vs2022.lib(tokenscanner.obj) : warning LNK4099: PDB '' was not found with 'StanfordCPPLib-vs2022.lib(tokenscanner.obj)' or at ''; linking object as if no debug info
  Boggle.vcxproj -> C:\Users\User\OneDrive\Desktop\Boggle\x64\Debug\Boggle.exe
